2018-02-06T23:28:37+00:00 CRITICAL Uncaught Error: Call to undefined function the_posts() in /Users/marcusps/Desktop/development/wordpress-setup/wp-content/themes/hot-body-hot-chocolate/index.php:15
Stack trace:
#0 /Users/marcusps/Desktop/development/wordpress-setup/wp-includes/template-loader.php(74): include()
#1 /Users/marcusps/Desktop/development/wordpress-setup/wp-blog-header.php(19): require_once('/Users/marcusps...')
#2 /Users/marcusps/Desktop/development/wordpress-setup/index.php(17): require('/Users/marcusps...')
#3 {main}
  thrown

2018-02-07T17:06:21+00:00 CRITICAL Uncaught Error: Call to undefined function the_posts() in /Users/marcusps/Desktop/development/wordpress-setup/wp-content/themes/hot-body-hot-chocolate/index.php:15
Stack trace:
#0 /Users/marcusps/Desktop/development/wordpress-setup/wp-includes/template-loader.php(74): include()
#1 /Users/marcusps/Desktop/development/wordpress-setup/wp-blog-header.php(19): require_once('/Users/marcusps...')
#2 /Users/marcusps/Desktop/development/wordpress-setup/index.php(17): require('/Users/marcusps...')
#3 {main}
  thrown

2018-02-07T17:22:53+00:00 CRITICAL Uncaught Error: Call to undefined function the_posts() in /Users/marcusps/Desktop/development/wordpress-setup/wp-content/themes/hot-body-hot-chocolate/index.php:15
Stack trace:
#0 /Users/marcusps/Desktop/development/wordpress-setup/wp-includes/template-loader.php(74): include()
#1 /Users/marcusps/Desktop/development/wordpress-setup/wp-blog-header.php(19): require_once('/Users/marcusps...')
#2 /Users/marcusps/Desktop/development/wordpress-setup/index.php(17): require('/Users/marcusps...')
#3 {main}
  thrown

2018-02-12T13:43:50+00:00 CRITICAL Uncaught Error: Call to undefined function the_posts() in /Users/marcusps/Desktop/development/wordpress-setup/wp-content/themes/hot-body-hot-chocolate/index.php:15
Stack trace:
#0 /Users/marcusps/Desktop/development/wordpress-setup/wp-includes/template-loader.php(74): include()
#1 /Users/marcusps/Desktop/development/wordpress-setup/wp-blog-header.php(19): require_once('/Users/marcusps...')
#2 /Users/marcusps/Desktop/development/wordpress-setup/index.php(17): require('/Users/marcusps...')
#3 {main}
  thrown

2018-02-12T13:50:38+00:00 CRITICAL Uncaught Error: Call to undefined function the_posts() in /Users/marcusps/Desktop/development/wordpress-setup/wp-content/themes/hot-body-hot-chocolate/index.php:15
Stack trace:
#0 /Users/marcusps/Desktop/development/wordpress-setup/wp-includes/template-loader.php(74): include()
#1 /Users/marcusps/Desktop/development/wordpress-setup/wp-blog-header.php(19): require_once('/Users/marcusps...')
#2 /Users/marcusps/Desktop/development/wordpress-setup/index.php(17): require('/Users/marcusps...')
#3 {main}
  thrown

2018-02-12T13:52:33+00:00 CRITICAL Uncaught Error: Call to undefined function the_posts() in /Users/marcusps/Desktop/development/wordpress-setup/wp-content/themes/hot-body-hot-chocolate/index.php:15
Stack trace:
#0 /Users/marcusps/Desktop/development/wordpress-setup/wp-includes/template-loader.php(74): include()
#1 /Users/marcusps/Desktop/development/wordpress-setup/wp-blog-header.php(19): require_once('/Users/marcusps...')
#2 /Users/marcusps/Desktop/development/wordpress-setup/index.php(17): require('/Users/marcusps...')
#3 {main}
  thrown

2018-02-12T14:24:37+00:00 CRITICAL Uncaught Error: Call to undefined function the_posts() in /Users/marcusps/Desktop/development/wordpress-setup/wp-content/themes/hot-body-hot-chocolate/index.php:15
Stack trace:
#0 /Users/marcusps/Desktop/development/wordpress-setup/wp-includes/template-loader.php(74): include()
#1 /Users/marcusps/Desktop/development/wordpress-setup/wp-blog-header.php(19): require_once('/Users/marcusps...')
#2 /Users/marcusps/Desktop/development/wordpress-setup/index.php(17): require('/Users/marcusps...')
#3 {main}
  thrown

